1564054776114	mozrunner::runner	INFO	Running command: "C:\\Program Files\\Mozilla Firefox\\firefox.exe" "-marionette" "-foreground" "-no-remote" "-profile" "C:\\Users\\abc89\\AppData\\Local\\Temp\\rust_mozprofile.qcw7hlEEKzeL"
1564054776807	addons.webextension.screenshots@mozilla.org	WARN	Loading extension 'screenshots@mozilla.org': Reading manifest: Invalid extension permission: mozillaAddons
1564054776807	addons.webextension.screenshots@mozilla.org	WARN	Loading extension 'screenshots@mozilla.org': Reading manifest: Invalid extension permission: telemetry
1564054776808	addons.webextension.screenshots@mozilla.org	WARN	Loading extension 'screenshots@mozilla.org': Reading manifest: Invalid extension permission: resource://pdf.js/
1564054776808	addons.webextension.screenshots@mozilla.org	WARN	Loading extension 'screenshots@mozilla.org': Reading manifest: Invalid extension permission: about:reader*
1564054778819	Marionette	INFO	Listening on port 60945
1564054778852	Marionette	WARN	TLS certificate errors will be ignored for this session
[Parent 7940, Gecko_IOThread] WARNING: pipe error: 109: file z:/task_1563383129/build/src/ipc/chromium/src/chrome/common/ipc_channel_win.cc, line 341
[Child 8864, Chrome_ChildThread] WARNING: pipe error: 109: file z:/task_1563383129/build/src/ipc/chromium/src/chrome/common/ipc_channel_win.cc, line 341

###!!! [Child][MessageChannel] Error: (msgtype=0x530005,name=PHttpChannel::Msg_Cancel) Closed channel: cannot send/recv

[Child 8864, Chrome_ChildThread] WARNING: p
###!!! [Child][MessageChannel] Error: (msgtype=0x530005,name=PHttpChannel::Msg_Cancel) Closed channel: cannot send/recv

ipe error: 109: file z:/task_1563383129/build/[Parent 7940, Gecko_IOThread] WARNING: pipe error: 109: file z:/task_1563383129/build/src/ipc/chromium/src/chrome/common/ipc_channel_win.cc, line 341
[Child 7952, Chrome_ChildThread] WARNING: pipe error: 109: file z:/task_1563383129/build/src/ipc/chromium/src/chrome/common/ipc_channel_win.cc, line 341
[Child 7952, Chrome_Chil1564054788813	Marionette	INFO	Stopped listening on port 60945
[GP
###!!! [Child][MessageChannel::SendAndWait] Error: Channel error: cannot send/recv

1564054813350	mozrunner::runner	INFO	Running command: "C:\\Program Files\\Mozilla Firefox\\firefox.exe" "-marionette" "-foreground" "-no-remote" "-profile" "C:\\Users\\abc89\\AppData\\Local\\Temp\\rust_mozprofile.IQV1aZodtEEf"
1564054814726	addons.webextension.screenshots@mozilla.org	WARN	Loading extension 'screenshots@mozilla.org': Reading manifest: Invalid extension permission: mozillaAddons
1564054814726	addons.webextension.screenshots@mozilla.org	WARN	Loading extension 'screenshots@mozilla.org': Reading manifest: Invalid extension permission: telemetry
1564054814727	addons.webextension.screenshots@mozilla.org	WARN	Loading extension 'screenshots@mozilla.org': Reading manifest: Invalid extension permission: resource://pdf.js/
1564054814727	addons.webextension.screenshots@mozilla.org	WARN	Loading extension 'screenshots@mozilla.org': Reading manifest: Invalid extension permission: about:reader*
1564054817184	Marionette	INFO	Listening on port 61100
1564054817681	Marionette	WARN	TLS certificate errors will be ignored for this session

###!!! [Child][MessageChannel] Error: (msgtype=0x530005,name=PHttpChannel::Msg_Cancel) Closed channel: cannot send/recv

[Child 19928, Chrome_ChildTh[Child 5480, Chrome_ChildThread] WARNING: pipe error: 109: file z:/task_1563383129/build/src/ipc/chromium/src/chrome/common/ipc_channel_win.cc, line 341
[Child 5480, Chrome[Parent 13104, Gecko_IOThread] WARNING: pipe error: 109: file z:/task_1563383129/build/src/ipc/chromium/src/chrome/common/ipc_channel_win.cc, line 341
[Child 4636, Chrome_ChildThread] WARNING: pipe error: 109: file z:/task_1563383129/build/src/ipc/chromium/src/chrome/common/ipc_channel_win.cc, line 341
[Child 4636, Chrome1564054840265	Marionette	INFO	Stopped listening on port 61100
[GP
###!!! [Child][MessageChannel::SendAndWait] Error: Channel error: cannot send/recv

1564054845936	mozrunner::runner	INFO	Running command: "C:\\Program Files\\Mozilla Firefox\\firefox.exe" "-marionette" "-foreground" "-no-remote" "-profile" "C:\\Users\\abc89\\AppData\\Local\\Temp\\rust_mozprofile.jPoX8DGoYg3v"
1564054847168	addons.webextension.screenshots@mozilla.org	WARN	Loading extension 'screenshots@mozilla.org': Reading manifest: Invalid extension permission: mozillaAddons
1564054847169	addons.webextension.screenshots@mozilla.org	WARN	Loading extension 'screenshots@mozilla.org': Reading manifest: Invalid extension permission: telemetry
1564054847170	addons.webextension.screenshots@mozilla.org	WARN	Loading extension 'screenshots@mozilla.org': Reading manifest: Invalid extension permission: resource://pdf.js/
1564054847170	addons.webextension.screenshots@mozilla.org	WARN	Loading extension 'screenshots@mozilla.org': Reading manifest: Invalid extension permission: about:reader*
1564054849782	Marionette	INFO	Listening on port 61287
1564054850270	Marionette	WARN	TLS certificate errors will be ignored for this session
console.warn: "Error while detaching the thread front: 'detach' request packet to 'server1.conn0.child1/context18' can't be sent as the connection is closed."
console.error: BroadcastService: 
  receivedBroadcastMessage: handler for
  remote-settings/monitor_changes
  threw error:
  Message: Error: Polling for changes failed: http://%(server)s/dummy/blocklist//buckets/monitor/collections/changes/records?_expected=%221564009693239%22 is not a valid URL..
  Stack:
    remoteSettingsFunction/remoteSettings.pollChanges@resource://services-settings/remote-settings.js:201:13

console.warn: "Error while detaching the thread front: 'detach' request packet to 'server1.conn1.child1/context18' can't be sent as the connection is closed."
[Parent 17320, Gecko_IOThread] WARNING: pipe error: 109: file z:/task_1563383129/build/src/ipc/chromium/src/chrome/common/ipc_channel_win.cc, line 341
[Child 24436, Chrome_ChildThread] WARNING: pipe error: 109: file z:/task_1563383129/build/src/ipc/chromium/src/chrome/common/ipc_channel_win.cc, line 341
[Child 24436, Chrome_ChildThread][Child 23444, Chrome_ChildThread] WARNING: pipe error: 109: file z:/task_1563383129/build/src/ipc/chromium/src/chrome/common/ipc_channel_win.cc, line 341
[Child 23444, Chrome_ChildThread] WARNING: pipe error: 109: file z:/ta
###!!! [Child][MessageChannel] Error: (msgtype=0x530005,name=PHttpChannel::Msg_Cancel) Closed channel: cannot send/recv

sk_1563383129/build/src/ipc/chromium/src/chrome/co[Parent 17320, Gecko_IOThread] WARNING: pipe error: 109: file z:/task_1563383129/build/src/ipc/chromium/src/chrome/common/ipc_channel_win.cc, line 341
[Child 17668, Chrome_ChildThread] WARNING: pipe error: 109: file z:/task_1563383129/build/src/ipc/chromium/src/chrome/common/ipc_channel_win.cc, line 341
[Child 17668, Chrome1564060880428	Marionette	INFO	Stopped listening on port 61287

###!!! [Child][RunMessage] Error: Channel closing: too late to send/recv, messages will be lost

[GPU 1
###!!! [Child][MessageChannel::SendAndWait] Error: Channel error: cannot send/recv

 z:/task_1563383129/build/src/ipc/chromium/src/chrome/common/ipc_channel_win.cc, line 341
[Child 22432, Chrome_ChildThread] WARNING: pipe error: 109: file z:/task_1563383129/build/src/ipc/chromium/src/chrome/common/ipc_channel_win.cc, line 341
[Child 22432, Chrome_C1564054950046	Marionette	INFO	Stopped listening on port 61493
[GPU 622
###!!! [Child][RunMessage] Error: Channel closing: too late to send/recv, messages will be lost


###!!! [Child][MessageChannel::SendAndWait] Error: Channel error: cannot send/recv

1564054967691	mozrunner::runner	INFO	Running command: "C:\\Program Files\\Mozilla Firefox\\firefox.exe" "-marionette" "-foreground" "-no-remote" "-profile" "C:\\Users\\abc89\\AppData\\Local\\Temp\\rust_mozprofile.wwGIReCZ1Iua"
1564054968338	addons.webextension.screenshots@mozilla.org	WARN	Loading extension 'screenshots@mozilla.org': Reading manifest: Invalid extension permission: mozillaAddons
1564054968339	addons.webextension.screenshots@mozilla.org	WARN	Loading extension 'screenshots@mozilla.org': Reading manifest: Invalid extension permission: telemetry
1564054968339	addons.webextension.screenshots@mozilla.org	WARN	Loading extension 'screenshots@mozilla.org': Reading manifest: Invalid extension permission: resource://pdf.js/
1564054968339	addons.webextension.screenshots@mozilla.org	WARN	Loading extension 'screenshots@mozilla.org': Reading manifest: Invalid extension permission: about:reader*
1564054970134	Marionette	INFO	Listening on port 61627
1564054970443	Marionette	WARN	TLS certificate errors will be ignored for this session
[Parent 26384, Gecko_IOThread] WARNING: pipe error: 109: file z:/task_1563383129/build/src/ipc/chromium/src/chrome/common/ipc_channel_win.cc, line 341
[Child 2472, Chrome_ChildThread] WARNING: pipe error: 109: file z:/task_1563383129/build/src/ipc/chromium/src/chrome/common/ipc_channel_win.cc, line 341
[Child 2472, Chrome_[Child 12276, Chrome_ChildThread] WARNING: pipe error: 109: file z:/task_1563383129/build/src/ipc/chromium/src/chrome/common/ipc_channel_win.cc, line 341

###!!! [Child][MessageChannel] Error: (msgtype=0x530005,name=PHttpChannel::Msg_Cancel) Closed channel: cannot send/recv

[Child 12276, Chrome_ChildThread] WARNING: pipe error: 109: file z:/task_1563383129/build/src/i
###!!! [Child][MessageChannel] Error: (msgtype=0x530005,name=PHttpChannel::Msg_Cancel) Closed channel: cannot send/recv

pc/chromium/src/chrome/common/ipc_channel_win[Parent 26384, Gecko_IOThread] WARNING: pipe error: 109: file z:/task_1563383129/build/src/ipc/chromium/src/chrome/common/ipc_channel_win.cc, line 341
[Child 6476, Chrome_ChildThread] WARNING: pipe error: 109: file z:/task_1563383129/build/src/ipc/chromium/src/chrome/common/ipc_channel_win.cc, line 341
[Child 6476, Chrome_ChildT1564054991673	Marionette	INFO	Stopped listening on port 61627

###!!! [Child][RunMessage] Error: Channel closing: too late to send/recv, messages will be lost


###!!! [Child][MessageChannel::SendAndWait] Error: Channel error: cannot send/recv

